<?xml version="1.0" encoding="UTF-8"?>
<beans xmlns="http://www.springframework.org/schema/beans"
  xmlns:context="http://www.springframework.org/schema/context"
  xmlns:mvc="http://www.springframework.org/schema/mvc"
  xmlns:tx="http://www.springframework.org/schema/tx"
  xmlns:xsi="http://www.w3.org/2001/XMLSchema-instance"
  xsi:schemaLocation="http://www.springframework.org/schema/beans
    http://www.springframework.org/schema/beans/spring-beans-3.2.xsd
    http://www.springframework.org/schema/context
    http://www.springframework.org/schema/context/spring-context-3.2.xsd
    http://www.springframework.org/schema/mvc
    http://www.springframework.org/schema/mvc/spring-mvc.xsd
    http://www.springframework.org/schema/tx
    http://www.springframework.org/schema/tx/spring-tx-3.2.xsd">
  
  <context:component-scan base-package="com.pepper"/>

  <!-- Database persistence configuration. -->
  <bean id="dataSource"
    class="org.springframework.jdbc.datasource.DriverManagerDataSource">
    <property name="driverClassName" value="com.mysql.jdbc.Driver"/>
    <property name="url"
      value="#{'jdbc:' + systemProperties['DATABASE_URL_PEPPER']}"/>
    <property name="username"
      value="#{systemProperties['DATABASE_USERNAME_PEPPER']}"/>
    <property name="password"
      value="#{systemProperties['DATABASE_PASSWORD_PEPPER']}"/>
  </bean>

  <bean id="sessionFactory"
    class="org.springframework.orm.hibernate4.LocalSessionFactoryBean">
    <property name="dataSource" ref="dataSource"/>
    <property name="configLocation" value="classpath:hibernate.cfg.xml"/>
    <property name="hibernateProperties">
      <props>
        <prop key="hibernate.dialect">
          org.hibernate.dialect.MySQLInnoDBDialect
        </prop>
      </props>
    </property>
  </bean>

  <tx:annotation-driven/>
  <bean id="transactionManager"
    class="org.springframework.orm.hibernate4.HibernateTransactionManager">
    <property name="sessionFactory" ref="sessionFactory"/>
  </bean>

  <bean
    class="org.springframework.dao.annotation.PersistenceExceptionTranslationPostProcessor"/>

  <bean
    class="org.springframework.web.servlet.view.InternalResourceViewResolver">
    <property name="prefix" value="/WEB-INF/jsp/"/>
    <property name="suffix" value=".jsp"/>
  </bean>
  
</beans>